<?xml version="1.0" encoding="UTF-8"?>
<!-- Generated by org.testng.reporters.JUnitReportReporter -->
<testsuite hostname="LAPTOP-NE73OO39" failures="0" tests="3" name="tests.TestClass3" time="0.007" errors="0" timestamp="2021-05-20T10:57:08 EDT" skipped="0">
  <testcase classname="tests.TestClass3" name="test3" time="0.005"/>
  <system-out/>
  <testcase classname="tests.TestClass3" name="test3" time="0.001"/>
  <system-out/>
  <testcase classname="tests.TestClass3" name="test3" time="0.001"/>
  <system-out/>
</testsuite> <!-- tests.TestClass3 -->
