<?xml version="1.0" encoding="UTF-8"?>
<!-- Generated by org.testng.reporters.JUnitReportReporter -->
<testsuite hostname="LAPTOP-NE73OO39" failures="0" tests="1" name="tests.Test2Class" time="0.001" errors="0" timestamp="2021-05-19T11:21:52 EDT" skipped="0">
  <testcase classname="tests.Test2Class" name="test2" time="0.001"/>
  <system-out/>
</testsuite> <!-- tests.Test2Class -->
