<?xml version="1.0" encoding="UTF-8"?>
<!-- Generated by org.testng.reporters.JUnitReportReporter -->
<testsuite hostname="LAPTOP-NE73OO39" failures="0" tests="2" name="tests.Test1Class" time="0.008" errors="0" timestamp="2021-05-20T10:43:03 EDT" skipped="0">
  <testcase classname="tests.Test1Class" name="test1" time="0.007"/>
  <system-out/>
  <testcase classname="tests.Test1Class" name="tets2" time="0.001"/>
  <system-out/>
</testsuite> <!-- tests.Test1Class -->
